17:23:15.118 [main] DEBUG api.test.UserTest - debugging------
17:23:15.124 [main] INFO  api.test.UserTest - ---------- Creating user-----------
17:23:16.253 [main] INFO  api.test.UserTest - ---------- User is created-----------
17:23:16.268 [main] INFO  api.test.UserTest - ---------- reading user info-----------
17:23:17.333 [main] INFO  api.test.UserTest - ---------- User info is displayed-----------
17:23:17.333 [main] INFO  api.test.UserTest - ---------- updating user-----------
17:23:18.445 [main] INFO  api.test.UserTest - ---------- user is upadated-----------
17:23:19.585 [main] INFO  api.test.UserTest - ---------- deleting user-----------
17:23:20.680 [main] INFO  api.test.UserTest - ---------- user is deleted-----------
17:23:21.826 [main] DEBUG api.test.UserTest2 - debugging------
17:23:21.826 [main] INFO  api.test.UserTest2 - ---------- Creating user-----------
17:23:22.944 [main] INFO  api.test.UserTest2 - ---------- User is created-----------
17:23:22.944 [main] INFO  api.test.UserTest2 - ---------- reading user info-----------
17:23:24.026 [main] INFO  api.test.UserTest2 - ---------- User info is displayed-----------
17:23:24.026 [main] INFO  api.test.UserTest2 - ---------- updating user-----------
17:23:25.117 [main] INFO  api.test.UserTest2 - ---------- user is upadated-----------
17:23:26.202 [main] INFO  api.test.UserTest2 - ---------- deleting user-----------
17:23:27.328 [main] INFO  api.test.UserTest2 - ---------- user is deleted-----------
20:31:46.405 [main] DEBUG api.test.UserTest - debugging------
20:31:46.418 [main] INFO  api.test.UserTest - ---------- Creating user-----------
20:31:48.936 [main] INFO  api.test.UserTest - ---------- User is created-----------
20:31:48.943 [main] INFO  api.test.UserTest - ---------- reading user info-----------
20:31:50.044 [main] INFO  api.test.UserTest - ---------- User info is displayed-----------
20:31:50.046 [main] INFO  api.test.UserTest - ---------- updating user-----------
20:31:51.186 [main] INFO  api.test.UserTest - ---------- user is upadated-----------
20:31:52.304 [main] INFO  api.test.UserTest - ---------- deleting user-----------
20:31:53.400 [main] INFO  api.test.UserTest - ---------- user is deleted-----------
20:39:17.775 [main] DEBUG api.test.UserTest2 - debugging------
20:39:55.266 [main] DEBUG api.test.UserTest2 - debugging------
20:40:53.324 [main] DEBUG api.test.UserTest2 - debugging------
20:40:53.339 [main] INFO  api.test.UserTest2 - ---------- Creating user-----------
20:40:55.751 [main] INFO  api.test.UserTest2 - ---------- User is created-----------
20:40:57.199 [main] INFO  api.test.UserTest2 - ---------- updating user-----------
20:40:58.289 [main] INFO  api.test.UserTest2 - ---------- user is upadated-----------
20:40:59.433 [main] INFO  api.test.UserTest2 - ---------- deleting user-----------
20:41:00.528 [main] INFO  api.test.UserTest2 - ---------- user is deleted-----------
20:41:31.523 [main] DEBUG api.test.UserTest2 - debugging------
20:42:26.362 [main] DEBUG api.test.UserTest2 - debugging------
